# JRE version: OpenJDK Runtime Environment Temurin-21.0.8+9 (21.0.8+9) (build 21.0.8+9-LTS)
# Java VM: OpenJDK 64-Bit Server VM Temurin-21.0.8+9 (21.0.8+9-LTS, mixed mode, sharing, tiered, compressed oops, compressed class ptrs, parallel gc, windows-amd64)
GC Precious Log:
 CardTable entry size: 512
 CPUs: 8 total, 8 available
 Memory: 16019M
 Large Page Support: Disabled
 NUMA Support: Disabled
 Compressed Oops: Enabled (32-bit)
 Alignments: Space 512K, Generation 512K, Heap 2M
 Heap Min Capacity: 100M
 Heap Initial Capacity: 100M
 Heap Max Capacity: 2G
 Pre-touch: Disabled
 Parallel Workers: 8
Heap:
 PSYoungGen      total 5632K, used 2339K [0x00000000d5580000, 0x00000000d5f00000, 0x0000000100000000)
  eden space 3072K, 8% used [0x00000000d5580000,0x00000000d55c0e48,0x00000000d5880000)
  from space 2560K, 81% used [0x00000000d5c80000,0x00000000d5e88000,0x00000000d5f00000)
  to   space 3072K, 0% used [0x00000000d5900000,0x00000000d5900000,0x00000000d5c00000)
 ParOldGen       total 505344K, used 504928K [0x0000000080000000, 0x000000009ed80000, 0x00000000d5580000)
  object space 505344K, 99% used [0x0000000080000000,0x000000009ed181f8,0x000000009ed80000)
 Metaspace       used 64174K, committed 65536K, reserved 1114112K
  class space    used 6925K, committed 7424K, reserved 1048576K
GC Heap History (20 events):
Event: 69.713 GC heap before
{Heap before GC invocations=342 (full 3):
 PSYoungGen      total 9216K, used 9184K [0x00000000d5580000, 0x00000000d6380000, 0x0000000100000000)
  eden space 5120K, 100% used [0x00000000d5580000,0x00000000d5a80000,0x00000000d5a80000)
  from space 4096K, 99% used [0x00000000d5f80000,0x00000000d6378000,0x00000000d6380000)
  to   space 4096K, 0% used [0x00000000d5b80000,0x00000000d5b80000,0x00000000d5f80000)
 ParOldGen       total 482304K, used 482024K [0x0000000080000000, 0x000000009d700000, 0x00000000d5580000)
  object space 482304K, 99% used [0x0000000080000000,0x000000009d6ba1f8,0x000000009d700000)
 Metaspace       used 64061K, committed 65408K, reserved 1114112K
  class space    used 6922K, committed 7424K, reserved 1048576K
}
Event: 69.724 GC heap after
{Heap after GC invocations=342 (full 3):
 PSYoungGen      total 9216K, used 4032K [0x00000000d5580000, 0x00000000d6280000, 0x0000000100000000)
  eden space 5120K, 0% used [0x00000000d5580000,0x00000000d5580000,0x00000000d5a80000)
  from space 4096K, 98% used [0x00000000d5b80000,0x00000000d5f70000,0x00000000d5f80000)
  to   space 3072K, 0% used [0x00000000d5f80000,0x00000000d5f80000,0x00000000d6280000)
 ParOldGen       total 486400K, used 485952K [0x0000000080000000, 0x000000009db00000, 0x00000000d5580000)
  object space 486400K, 99% used [0x0000000080000000,0x000000009da901f8,0x000000009db00000)
 Metaspace       used 64061K, committed 65408K, reserved 1114112K
  class space    used 6922K, committed 7424K, reserved 1048576K
}
Event: 69.757 GC heap before
{Heap before GC invocations=343 (full 3):
 PSYoungGen      total 9216K, used 9152K [0x00000000d5580000, 0x00000000d6280000, 0x0000000100000000)
  eden space 5120K, 100% used [0x00000000d5580000,0x00000000d5a80000,0x00000000d5a80000)
  from space 4096K, 98% used [0x00000000d5b80000,0x00000000d5f70000,0x00000000d5f80000)
  to   space 3072K, 0% used [0x00000000d5f80000,0x00000000d5f80000,0x00000000d6280000)
 ParOldGen       total 486400K, used 485952K [0x0000000080000000, 0x000000009db00000, 0x00000000d5580000)
  object space 486400K, 99% used [0x0000000080000000,0x000000009da901f8,0x000000009db00000)
 Metaspace       used 64061K, committed 65408K, reserved 1114112K
  class space    used 6922K, committed 7424K, reserved 1048576K
}
Event: 69.766 GC heap after
{Heap after GC invocations=343 (full 3):
 PSYoungGen      total 4608K, used 3072K [0x00000000d5580000, 0x00000000d6c80000, 0x0000000100000000)
  eden space 1536K, 0% used [0x00000000d5580000,0x00000000d5580000,0x00000000d5700000)
  from space 3072K, 100% used [0x00000000d5f80000,0x00000000d6280000,0x00000000d6280000)
  to   space 8704K, 0% used [0x00000000d5700000,0x00000000d5700000,0x00000000d5f80000)
 ParOldGen       total 491008K, used 490744K [0x0000000080000000, 0x000000009df80000, 0x00000000d5580000)
  object space 491008K, 99% used [0x0000000080000000,0x000000009df3e1f8,0x000000009df80000)
 Metaspace       used 64061K, committed 65408K, reserved 1114112K
  class space    used 6922K, committed 7424K, reserved 1048576K
}
Event: 69.777 GC heap before
{Heap before GC invocations=344 (full 3):
 PSYoungGen      total 4608K, used 4608K [0x00000000d5580000, 0x00000000d6c80000, 0x0000000100000000)
  eden space 1536K, 100% used [0x00000000d5580000,0x00000000d5700000,0x00000000d5700000)
  from space 3072K, 100% used [0x00000000d5f80000,0x00000000d6280000,0x00000000d6280000)
  to   space 8704K, 0% used [0x00000000d5700000,0x00000000d5700000,0x00000000d5f80000)
 ParOldGen       total 491008K, used 490744K [0x0000000080000000, 0x000000009df80000, 0x00000000d5580000)
  object space 491008K, 99% used [0x0000000080000000,0x000000009df3e1f8,0x000000009df80000)
 Metaspace       used 64061K, committed 65408K, reserved 1114112K
  class space    used 6922K, committed 7424K, reserved 1048576K
}
Event: 69.785 GC heap after
{Heap after GC invocations=344 (full 3):
 PSYoungGen      total 3072K, used 1280K [0x00000000d5580000, 0x00000000d6000000, 0x0000000100000000)
  eden space 1536K, 0% used [0x00000000d5580000,0x00000000d5580000,0x00000000d5700000)
  from space 1536K, 83% used [0x00000000d5700000,0x00000000d5840000,0x00000000d5880000)
  to   space 4096K, 0% used [0x00000000d5c00000,0x00000000d5c00000,0x00000000d6000000)
 ParOldGen       total 494080K, used 493848K [0x0000000080000000, 0x000000009e280000, 0x00000000d5580000)
  object space 494080K, 99% used [0x0000000080000000,0x000000009e2461f8,0x000000009e280000)
 Metaspace       used 64061K, committed 65408K, reserved 1114112K
  class space    used 6922K, committed 7424K, reserved 1048576K
}
Event: 69.794 GC heap before
{Heap before GC invocations=345 (full 3):
 PSYoungGen      total 3072K, used 2816K [0x00000000d5580000, 0x00000000d6000000, 0x0000000100000000)
  eden space 1536K, 100% used [0x00000000d5580000,0x00000000d5700000,0x00000000d5700000)
  from space 1536K, 83% used [0x00000000d5700000,0x00000000d5840000,0x00000000d5880000)
  to   space 4096K, 0% used [0x00000000d5c00000,0x00000000d5c00000,0x00000000d6000000)
 ParOldGen       total 494080K, used 493848K [0x0000000080000000, 0x000000009e280000, 0x00000000d5580000)
  object space 494080K, 99% used [0x0000000080000000,0x000000009e2461f8,0x000000009e280000)
 Metaspace       used 64061K, committed 65408K, reserved 1114112K
  class space    used 6922K, committed 7424K, reserved 1048576K
}
Event: 69.798 GC heap after
{Heap after GC invocations=345 (full 3):
 PSYoungGen      total 3584K, used 1280K [0x00000000d5580000, 0x00000000d5d80000, 0x0000000100000000)
  eden space 2048K, 0% used [0x00000000d5580000,0x00000000d5580000,0x00000000d5780000)
  from space 1536K, 83% used [0x00000000d5c00000,0x00000000d5d40000,0x00000000d5d80000)
  to   space 2048K, 0% used [0x00000000d5980000,0x00000000d5980000,0x00000000d5b80000)
 ParOldGen       total 495104K, used 495040K [0x0000000080000000, 0x000000009e380000, 0x00000000d5580000)
  object space 495104K, 99% used [0x0000000080000000,0x000000009e3701f8,0x000000009e380000)
 Metaspace       used 64061K, committed 65408K, reserved 1114112K
  class space    used 6922K, committed 7424K, reserved 1048576K
}
Event: 69.811 GC heap before
{Heap before GC invocations=346 (full 3):
 PSYoungGen      total 3584K, used 3328K [0x00000000d5580000, 0x00000000d5d80000, 0x0000000100000000)
  eden space 2048K, 100% used [0x00000000d5580000,0x00000000d5780000,0x00000000d5780000)
  from space 1536K, 83% used [0x00000000d5c00000,0x00000000d5d40000,0x00000000d5d80000)
  to   space 2048K, 0% used [0x00000000d5980000,0x00000000d5980000,0x00000000d5b80000)
 ParOldGen       total 495104K, used 495040K [0x0000000080000000, 0x000000009e380000, 0x00000000d5580000)
  object space 495104K, 99% used [0x0000000080000000,0x000000009e3701f8,0x000000009e380000)
 Metaspace       used 64061K, committed 65408K, reserved 1114112K
  class space    used 6922K, committed 7424K, reserved 1048576K
}
Event: 69.816 GC heap after
{Heap after GC invocations=346 (full 3):
 PSYoungGen      total 4608K, used 1632K [0x00000000d5580000, 0x00000000d5c80000, 0x0000000100000000)
  eden space 2560K, 0% used [0x00000000d5580000,0x00000000d5580000,0x00000000d5800000)
  from space 2048K, 79% used [0x00000000d5980000,0x00000000d5b18000,0x00000000d5b80000)
  to   space 1024K, 0% used [0x00000000d5b80000,0x00000000d5b80000,0x00000000d5c80000)
 ParOldGen       total 496640K, used 496224K [0x0000000080000000, 0x000000009e500000, 0x00000000d5580000)
  object space 496640K, 99% used [0x0000000080000000,0x000000009e4981f8,0x000000009e500000)
 Metaspace       used 64061K, committed 65408K, reserved 1114112K
  class space    used 6922K, committed 7424K, reserved 1048576K
}
Event: 69.833 GC heap before
{Heap before GC invocations=347 (full 3):
 PSYoungGen      total 4608K, used 4191K [0x00000000d5580000, 0x00000000d5c80000, 0x0000000100000000)
  eden space 2560K, 99% used [0x00000000d5580000,0x00000000d57fffe8,0x00000000d5800000)
  from space 2048K, 79% used [0x00000000d5980000,0x00000000d5b18000,0x00000000d5b80000)
  to   space 1024K, 0% used [0x00000000d5b80000,0x00000000d5b80000,0x00000000d5c80000)
 ParOldGen       total 496640K, used 496224K [0x0000000080000000, 0x000000009e500000, 0x00000000d5580000)
  object space 496640K, 99% used [0x0000000080000000,0x000000009e4981f8,0x000000009e500000)
 Metaspace       used 64061K, committed 65408K, reserved 1114112K
  class space    used 6922K, committed 7424K, reserved 1048576K
}
Event: 69.839 GC heap after
{Heap after GC invocations=347 (full 3):
 PSYoungGen      total 3072K, used 1024K [0x00000000d5580000, 0x00000000d6080000, 0x0000000100000000)
  eden space 2048K, 0% used [0x00000000d5580000,0x00000000d5580000,0x00000000d5780000)
  from space 1024K, 100% used [0x00000000d5b80000,0x00000000d5c80000,0x00000000d5c80000)
  to   space 4096K, 0% used [0x00000000d5780000,0x00000000d5780000,0x00000000d5b80000)
 ParOldGen       total 499200K, used 498728K [0x0000000080000000, 0x000000009e780000, 0x00000000d5580000)
  object space 499200K, 99% used [0x0000000080000000,0x000000009e70a1f8,0x000000009e780000)
 Metaspace       used 64061K, committed 65408K, reserved 1114112K
  class space    used 6922K, committed 7424K, reserved 1048576K
}
Event: 69.852 GC heap before
{Heap before GC invocations=348 (full 3):
 PSYoungGen      total 3072K, used 3072K [0x00000000d5580000, 0x00000000d6080000, 0x0000000100000000)
  eden space 2048K, 100% used [0x00000000d5580000,0x00000000d5780000,0x00000000d5780000)
  from space 1024K, 100% used [0x00000000d5b80000,0x00000000d5c80000,0x00000000d5c80000)
  to   space 4096K, 0% used [0x00000000d5780000,0x00000000d5780000,0x00000000d5b80000)
 ParOldGen       total 499200K, used 498728K [0x0000000080000000, 0x000000009e780000, 0x00000000d5580000)
  object space 499200K, 99% used [0x0000000080000000,0x000000009e70a1f8,0x000000009e780000)
 Metaspace       used 64061K, committed 65408K, reserved 1114112K
  class space    used 6922K, committed 7424K, reserved 1048576K
}
Event: 69.857 GC heap after
{Heap after GC invocations=348 (full 3):
 PSYoungGen      total 4096K, used 1664K [0x00000000d5580000, 0x00000000d5d00000, 0x0000000100000000)
  eden space 2048K, 0% used [0x00000000d5580000,0x00000000d5580000,0x00000000d5780000)
  from space 2048K, 81% used [0x00000000d5780000,0x00000000d5920000,0x00000000d5980000)
  to   space 2560K, 0% used [0x00000000d5a80000,0x00000000d5a80000,0x00000000d5d00000)
 ParOldGen       total 500224K, used 499784K [0x0000000080000000, 0x000000009e880000, 0x00000000d5580000)
  object space 500224K, 99% used [0x0000000080000000,0x000000009e8121f8,0x000000009e880000)
 Metaspace       used 64061K, committed 65408K, reserved 1114112K
  class space    used 6922K, committed 7424K, reserved 1048576K
}
Event: 69.869 GC heap before
{Heap before GC invocations=349 (full 3):
 PSYoungGen      total 4096K, used 3712K [0x00000000d5580000, 0x00000000d5d00000, 0x0000000100000000)
  eden space 2048K, 100% used [0x00000000d5580000,0x00000000d5780000,0x00000000d5780000)
  from space 2048K, 81% used [0x00000000d5780000,0x00000000d5920000,0x00000000d5980000)
  to   space 2560K, 0% used [0x00000000d5a80000,0x00000000d5a80000,0x00000000d5d00000)
 ParOldGen       total 500224K, used 499784K [0x0000000080000000, 0x000000009e880000, 0x00000000d5580000)
  object space 500224K, 99% used [0x0000000080000000,0x000000009e8121f8,0x000000009e880000)
 Metaspace       used 64061K, committed 65408K, reserved 1114112K
  class space    used 6922K, committed 7424K, reserved 1048576K
}
Event: 69.874 GC heap after
{Heap after GC invocations=349 (full 3):
 PSYoungGen      total 4608K, used 1600K [0x00000000d5580000, 0x00000000d5c80000, 0x0000000100000000)
  eden space 2560K, 0% used [0x00000000d5580000,0x00000000d5580000,0x00000000d5800000)
  from space 2048K, 78% used [0x00000000d5a80000,0x00000000d5c10000,0x00000000d5c80000)
  to   space 2048K, 0% used [0x00000000d5880000,0x00000000d5880000,0x00000000d5a80000)
 ParOldGen       total 501760K, used 501368K [0x0000000080000000, 0x000000009ea00000, 0x00000000d5580000)
  object space 501760K, 99% used [0x0000000080000000,0x000000009e99e1f8,0x000000009ea00000)
 Metaspace       used 64061K, committed 65408K, reserved 1114112K
  class space    used 6922K, committed 7424K, reserved 1048576K
}
Event: 69.890 GC heap before
{Heap before GC invocations=350 (full 3):
 PSYoungGen      total 4608K, used 4160K [0x00000000d5580000, 0x00000000d5c80000, 0x0000000100000000)
  eden space 2560K, 100% used [0x00000000d5580000,0x00000000d5800000,0x00000000d5800000)
  from space 2048K, 78% used [0x00000000d5a80000,0x00000000d5c10000,0x00000000d5c80000)
  to   space 2048K, 0% used [0x00000000d5880000,0x00000000d5880000,0x00000000d5a80000)
 ParOldGen       total 501760K, used 501368K [0x0000000080000000, 0x000000009ea00000, 0x00000000d5580000)
  object space 501760K, 99% used [0x0000000080000000,0x000000009e99e1f8,0x000000009ea00000)
 Metaspace       used 64061K, committed 65408K, reserved 1114112K
  class space    used 6922K, committed 7424K, reserved 1048576K
}
Event: 69.896 GC heap after
{Heap after GC invocations=350 (full 3):
 PSYoungGen      total 5120K, used 2048K [0x00000000d5580000, 0x00000000d6080000, 0x0000000100000000)
  eden space 3072K, 0% used [0x00000000d5580000,0x00000000d5580000,0x00000000d5880000)
  from space 2048K, 100% used [0x00000000d5880000,0x00000000d5a80000,0x00000000d5a80000)
  to   space 4096K, 0% used [0x00000000d5c80000,0x00000000d5c80000,0x00000000d6080000)
 ParOldGen       total 503296K, used 502936K [0x0000000080000000, 0x000000009eb80000, 0x00000000d5580000)
  object space 503296K, 99% used [0x0000000080000000,0x000000009eb261f8,0x000000009eb80000)
 Metaspace       used 64061K, committed 65408K, reserved 1114112K
  class space    used 6922K, committed 7424K, reserved 1048576K
}
Event: 8931.107 GC heap before
{Heap before GC invocations=351 (full 3):
 PSYoungGen      total 5120K, used 5119K [0x00000000d5580000, 0x00000000d6080000, 0x0000000100000000)
  eden space 3072K, 99% used [0x00000000d5580000,0x00000000d587fff8,0x00000000d5880000)
  from space 2048K, 100% used [0x00000000d5880000,0x00000000d5a80000,0x00000000d5a80000)
  to   space 4096K, 0% used [0x00000000d5c80000,0x00000000d5c80000,0x00000000d6080000)
 ParOldGen       total 503296K, used 502936K [0x0000000080000000, 0x000000009eb80000, 0x00000000d5580000)
  object space 503296K, 99% used [0x0000000080000000,0x000000009eb261f8,0x000000009eb80000)
 Metaspace       used 64137K, committed 65472K, reserved 1114112K
  class space    used 6925K, committed 7424K, reserved 1048576K
}
Event: 8931.262 GC heap after
{Heap after GC invocations=351 (full 3):
 PSYoungGen      total 5632K, used 2080K [0x00000000d5580000, 0x00000000d5f00000, 0x0000000100000000)
  eden space 3072K, 0% used [0x00000000d5580000,0x00000000d5580000,0x00000000d5880000)
  from space 2560K, 81% used [0x00000000d5c80000,0x00000000d5e88000,0x00000000d5f00000)
  to   space 3072K, 0% used [0x00000000d5900000,0x00000000d5900000,0x00000000d5c00000)
 ParOldGen       total 505344K, used 504928K [0x0000000080000000, 0x000000009ed80000, 0x00000000d5580000)
  object space 505344K, 99% used [0x0000000080000000,0x000000009ed181f8,0x000000009ed80000)
 Metaspace       used 64137K, committed 65472K, reserved 1114112K
  class space    used 6925K, committed 7424K, reserved 1048576K
}

